<?xml version="1.0" encoding="UTF-8"?>
<!-- Generated by org.testng.reporters.JUnitReportReporter -->
<testsuite skipped="0" hostname="DESKTOP-JOKRND9" name="com.Sample.TestngSample" tests="3" failures="0" timestamp="04 Feb 2022 17:43:04 GMT" time="0.012" errors="0">
  <testcase name="Tc2" time="0.003" classname="com.Sample.TestngSample"/>
  <testcase name="Tc1" time="0.006" classname="com.Sample.TestngSample"/>
  <testcase name="Tc3" time="0.003" classname="com.Sample.TestngSample"/>
</testsuite> <!-- com.Sample.TestngSample -->
